<?xml version="1.0" encoding="UTF-8"?>
<testsuites>
	<testsuite tests="3" errors="0" failures="0" time="0" timestamp="2014-08-06T16:50:44">
		<testcase classname="suite2" name="first test, toplevel second suite" time="0">
		</testcase>
		<testcase classname="suite2" name="second test, toplevel second suite" time="0">
		</testcase>
		<testcase classname="suite2" name="third test, nested suite in second suite" time="0">
		</testcase>
	</testsuite>
</testsuites>

