<?xml version="1.0" encoding="UTF-8"?>
<testsuites>
	<testsuite tests="3" errors="0" failures="0" time="0.005" timestamp="2014-08-06T17:09:36">
		<testcase classname="suite1" name="Length of collection should equal count in mock data" time="0.001">
		</testcase>
		<testcase classname="suite1" name="Tracks should be able to be added to the queue" time="0.002">
		</testcase>
		<testcase classname="suite1" name="Tracks should be able to be removed from the queue" time="0.002">
		</testcase>
	</testsuite>
</testsuites>

